2011-11-03 17:03:53,134 [main] DEBUG: edu.cmu.ri.createlab.terk.application.TerkApplication: TerkApplication.TerkApplication()
2011-11-03 17:03:53,134 [main] INFO : edu.cmu.ri.createlab.terk.application.TerkApplication: TerkApplication.TerkApplication(): System property [terk-application.connection-strategy.class.name] is not defined.  Attempting to use default [edu.cmu.ri.createlab.terk.robot.finch.LocalFinchConnectionStrategy] implementation class instead.
2011-11-03 17:03:53,150 [main] DEBUG: edu.cmu.ri.createlab.terk.application.TerkApplication: TerkApplication.TerkApplication(): successfully instantiated ConnectionStrategy implementation class [edu.cmu.ri.createlab.terk.robot.finch.LocalFinchConnectionStrategy]
2011-11-03 17:03:53,181 [main] DEBUG: edu.cmu.ri.createlab.device.connectivity.BaseCreateLabDeviceConnectivityManager: BaseCreateLabDeviceConnectivityManager: scanAndConnectWorkhorseRunnable.run()
2011-11-03 17:03:53,181 [main] DEBUG: edu.cmu.ri.createlab.device.connectivity.BaseCreateLabDeviceConnectivityManager: BaseCreateLabDeviceConnectivityManager.disconnect()
2011-11-03 17:03:53,181 [main] DEBUG: edu.cmu.ri.createlab.terk.robot.finch.LocalFinchConnectionStrategy: LocalFinchConnectionStrategy.handleConnectionStateChange(): OLD [Disconnected]  NEW [Disconnected]  port []
2011-11-03 17:03:53,181 [BaseCreateLabDeviceConnectivityManager.executorService pool-1-thread-1] DEBUG: edu.cmu.ri.createlab.device.connectivity.BaseCreateLabDeviceConnectivityManager: CreateLabDeviceConnectivityManagerImpl$DeviceScanner.run()
2011-11-03 17:03:53,181 [BaseCreateLabDeviceConnectivityManager.executorService pool-1-thread-1] DEBUG: edu.cmu.ri.createlab.terk.robot.finch.LocalFinchConnectionStrategy: LocalFinchConnectionStrategy.handleConnectionStateChange(): OLD [Disconnected]  NEW [Scanning]  port []
2011-11-03 17:03:53,197 [BaseCreateLabDeviceConnectivityManager.executorService pool-1-thread-1] DEBUG: edu.cmu.ri.createlab.terk.robot.finch.DefaultFinchController: DefaultFinchController.create(): creating HID device for vendor ID [2354] and product ID [1111]
2011-11-03 17:03:53,197 [BaseCreateLabDeviceConnectivityManager.executorService pool-1-thread-1] DEBUG: edu.cmu.ri.createlab.terk.robot.finch.DefaultFinchController: DefaultFinchController.create(): attempting connection...
2011-11-03 17:03:53,353 [BaseCreateLabDeviceConnectivityManager.executorService pool-1-thread-1] ERROR: edu.cmu.ri.createlab.usb.hid.windows.WindowsHIDDevice: WindowsHIDDevice.readDeviceInfo(): CreateFile failed (WinError{id=5, name='Access Denied: access is denied'}), skipping this device
2011-11-03 17:03:53,353 [BaseCreateLabDeviceConnectivityManager.executorService pool-1-thread-1] ERROR: edu.cmu.ri.createlab.usb.hid.windows.WindowsHIDDevice: WindowsHIDDevice.disconnect(): Failed to disconnect because the file handle is null
2011-11-03 17:03:53,353 [BaseCreateLabDeviceConnectivityManager.executorService pool-1-thread-1] DEBUG: edu.cmu.ri.createlab.usb.hid.windows.WindowsHIDDevice: WindowsHIDDevice.disconnect(): disconnected successfully
2011-11-03 17:03:53,353 [BaseCreateLabDeviceConnectivityManager.executorService pool-1-thread-1] DEBUG: edu.cmu.ri.createlab.usb.hid.windows.WindowsHIDDevice: WindowsHIDDevice.connect(): connection successful
2011-11-03 17:03:53,384 [BaseCreateLabDeviceConnectivityManager.executorService pool-1-thread-1] DEBUG: edu.cmu.ri.createlab.device.connectivity.BaseCreateLabDeviceConnectivityManager: CreateLabDeviceConnectivityManagerImpl$DeviceScanner.run(): connection established!
2011-11-03 17:03:53,384 [BaseCreateLabDeviceConnectivityManager.executorService pool-1-thread-1] DEBUG: edu.cmu.ri.createlab.terk.robot.finch.LocalFinchConnectionStrategy: LocalFinchConnectionStrategy.handleConnectionStateChange(): OLD [Scanning]  NEW [Connected]  port [\\?\hid#vid_2354&pid_1111#7&22ca57ec&0&0000#{4d1e55b2-f16f-11cf-88cb-001111000030}]
2011-11-03 17:03:53,384 [main] DEBUG: edu.cmu.ri.createlab.terk.application.TerkApplication: TerkApplication.shutdown()
2011-11-03 17:03:53,384 [main] DEBUG: edu.cmu.ri.createlab.terk.application.TerkApplication: TerkApplication$shutdownRunnable.run()
2011-11-03 17:03:53,384 [main] DEBUG: edu.cmu.ri.createlab.terk.robot.finch.LocalFinchConnectionStrategy: LocalFinchConnectionStrategy.prepareForShutdown()
2011-11-03 17:03:53,384 [main] DEBUG: edu.cmu.ri.createlab.terk.robot.finch.LocalFinchConnectionStrategy: LocalFinchConnectionStrategy.disconnect()
2011-11-03 17:03:53,384 [main] DEBUG: edu.cmu.ri.createlab.device.connectivity.BaseCreateLabDeviceConnectivityManager: BaseCreateLabDeviceConnectivityManager.disconnect()
2011-11-03 17:03:53,384 [main] DEBUG: edu.cmu.ri.createlab.terk.robot.finch.DefaultFinchController: DefaultFinchController.disconnect(): Shutting down finch pinger...
2011-11-03 17:03:53,384 [main] DEBUG: edu.cmu.ri.createlab.terk.robot.finch.DefaultFinchController: DefaultFinchController.disconnect(): Successfully shut down finch pinger.
2011-11-03 17:03:53,384 [main] DEBUG: edu.cmu.ri.createlab.terk.robot.finch.DefaultFinchController: DefaultFinchController.disconnect(): Now attempting to send the disconnect command to the finch
2011-11-03 17:03:53,431 [main] DEBUG: edu.cmu.ri.createlab.terk.robot.finch.DefaultFinchController: DefaultFinchController.disconnect(): Successfully disconnected from the finch.
2011-11-03 17:03:53,431 [main] DEBUG: edu.cmu.ri.createlab.terk.robot.finch.DefaultFinchController: DefaultFinchController.disconnect(): Now shutting down the HIDCommandExecutionQueue...
2011-11-03 17:03:53,431 [main] DEBUG: edu.cmu.ri.createlab.usb.hid.HIDCommandExecutionQueue: HIDCommandExecutionQueue.shutdown(): Shutting down the HID device command execution queue
2011-11-03 17:03:53,431 [main] DEBUG: edu.cmu.ri.createlab.usb.hid.HIDCommandExecutionQueue: HIDCommandExecutionQueue.shutdown(): Unexecuted tasks: 0
2011-11-03 17:03:53,431 [main] DEBUG: edu.cmu.ri.createlab.usb.hid.HIDCommandExecutionQueue: HIDCommandExecutionQueue.shutdown(): Waiting for the HID device command execution queue to shutdown.
2011-11-03 17:03:53,431 [main] DEBUG: edu.cmu.ri.createlab.usb.hid.HIDCommandExecutionQueue: HIDCommandExecutionQueue.shutdown(): HID device command execution queue successfully shutdown
2011-11-03 17:03:53,431 [main] DEBUG: edu.cmu.ri.createlab.usb.hid.HIDCommandExecutionQueue: HIDCommandExecutionQueue.shutdown(): Now attempting to disconnect from the HID device...
2011-11-03 17:03:53,431 [main] DEBUG: edu.cmu.ri.createlab.usb.hid.windows.WindowsHIDDevice: WindowsHIDDevice.disconnect(): disconnected successfully
2011-11-03 17:03:53,431 [main] DEBUG: edu.cmu.ri.createlab.usb.hid.HIDCommandExecutionQueue: HIDCommandExecutionQueue.shutdown(): HID device disconnected successfully.
2011-11-03 17:03:53,431 [main] DEBUG: edu.cmu.ri.createlab.terk.robot.finch.LocalFinchConnectionStrategy: LocalFinchConnectionStrategy.handleConnectionStateChange(): OLD [Connected]  NEW [Disconnected]  port []
2011-11-22 16:24:42,828 [main] DEBUG: edu.cmu.ri.createlab.terk.application.TerkApplication: TerkApplication.TerkApplication()
2011-11-22 16:24:42,828 [main] INFO : edu.cmu.ri.createlab.terk.application.TerkApplication: TerkApplication.TerkApplication(): System property [terk-application.connection-strategy.class.name] is not defined.  Attempting to use default [edu.cmu.ri.createlab.terk.robot.finch.LocalFinchConnectionStrategy] implementation class instead.
2011-11-22 16:24:42,890 [main] DEBUG: edu.cmu.ri.createlab.terk.application.TerkApplication: TerkApplication.TerkApplication(): successfully instantiated ConnectionStrategy implementation class [edu.cmu.ri.createlab.terk.robot.finch.LocalFinchConnectionStrategy]
2011-11-22 16:24:42,921 [main] DEBUG: edu.cmu.ri.createlab.device.connectivity.BaseCreateLabDeviceConnectivityManager: BaseCreateLabDeviceConnectivityManager: scanAndConnectWorkhorseRunnable.run()
2011-11-22 16:24:42,921 [main] DEBUG: edu.cmu.ri.createlab.device.connectivity.BaseCreateLabDeviceConnectivityManager: BaseCreateLabDeviceConnectivityManager.disconnect()
2011-11-22 16:24:42,921 [main] DEBUG: edu.cmu.ri.createlab.terk.robot.finch.LocalFinchConnectionStrategy: LocalFinchConnectionStrategy.handleConnectionStateChange(): OLD [Disconnected]  NEW [Disconnected]  port []
2011-11-22 16:24:42,921 [BaseCreateLabDeviceConnectivityManager.executorService pool-1-thread-1] DEBUG: edu.cmu.ri.createlab.device.connectivity.BaseCreateLabDeviceConnectivityManager: CreateLabDeviceConnectivityManagerImpl$DeviceScanner.run()
2011-11-22 16:24:42,921 [BaseCreateLabDeviceConnectivityManager.executorService pool-1-thread-1] DEBUG: edu.cmu.ri.createlab.terk.robot.finch.LocalFinchConnectionStrategy: LocalFinchConnectionStrategy.handleConnectionStateChange(): OLD [Disconnected]  NEW [Scanning]  port []
2011-11-22 16:24:42,937 [BaseCreateLabDeviceConnectivityManager.executorService pool-1-thread-1] DEBUG: edu.cmu.ri.createlab.terk.robot.finch.DefaultFinchController: DefaultFinchController.create(): creating HID device for vendor ID [2354] and product ID [1111]
2011-11-22 16:24:42,937 [BaseCreateLabDeviceConnectivityManager.executorService pool-1-thread-1] DEBUG: edu.cmu.ri.createlab.terk.robot.finch.DefaultFinchController: DefaultFinchController.create(): attempting connection...
2011-11-22 16:24:43,140 [BaseCreateLabDeviceConnectivityManager.executorService pool-1-thread-1] ERROR: edu.cmu.ri.createlab.usb.hid.windows.WindowsHIDDevice: WindowsHIDDevice.readDeviceInfo(): CreateFile failed (WinError{id=5, name='Access Denied: access is denied'}), skipping this device
2011-11-22 16:24:43,140 [BaseCreateLabDeviceConnectivityManager.executorService pool-1-thread-1] ERROR: edu.cmu.ri.createlab.usb.hid.windows.WindowsHIDDevice: WindowsHIDDevice.disconnect(): Failed to disconnect because the file handle is null
2011-11-22 16:24:43,187 [BaseCreateLabDeviceConnectivityManager.executorService pool-1-thread-1] DEBUG: edu.cmu.ri.createlab.usb.hid.windows.WindowsHIDDevice: WindowsHIDDevice.disconnect(): disconnected successfully
2011-11-22 16:24:43,187 [BaseCreateLabDeviceConnectivityManager.executorService pool-1-thread-1] DEBUG: edu.cmu.ri.createlab.usb.hid.windows.WindowsHIDDevice: WindowsHIDDevice.connect(): connection successful
2011-11-22 16:24:43,203 [BaseCreateLabDeviceConnectivityManager.executorService pool-1-thread-1] DEBUG: edu.cmu.ri.createlab.device.connectivity.BaseCreateLabDeviceConnectivityManager: CreateLabDeviceConnectivityManagerImpl$DeviceScanner.run(): connection established!
2011-11-22 16:24:43,203 [BaseCreateLabDeviceConnectivityManager.executorService pool-1-thread-1] DEBUG: edu.cmu.ri.createlab.terk.robot.finch.LocalFinchConnectionStrategy: LocalFinchConnectionStrategy.handleConnectionStateChange(): OLD [Scanning]  NEW [Connected]  port [\\?\hid#vid_2354&pid_1111#6&148ea5c&0&0000#{4d1e55b2-f16f-11cf-88cb-001111000030}]
2011-11-22 16:24:43,218 [main] DEBUG: edu.cmu.ri.createlab.terk.application.TerkApplication: TerkApplication.shutdown()
2011-11-22 16:24:43,218 [main] DEBUG: edu.cmu.ri.createlab.terk.application.TerkApplication: TerkApplication$shutdownRunnable.run()
2011-11-22 16:24:43,218 [main] DEBUG: edu.cmu.ri.createlab.terk.robot.finch.LocalFinchConnectionStrategy: LocalFinchConnectionStrategy.prepareForShutdown()
2011-11-22 16:24:43,218 [main] DEBUG: edu.cmu.ri.createlab.terk.robot.finch.LocalFinchConnectionStrategy: LocalFinchConnectionStrategy.disconnect()
2011-11-22 16:24:43,218 [main] DEBUG: edu.cmu.ri.createlab.device.connectivity.BaseCreateLabDeviceConnectivityManager: BaseCreateLabDeviceConnectivityManager.disconnect()
2011-11-22 16:24:43,218 [main] DEBUG: edu.cmu.ri.createlab.terk.robot.finch.DefaultFinchController: DefaultFinchController.disconnect(): Shutting down finch pinger...
2011-11-22 16:24:43,218 [main] DEBUG: edu.cmu.ri.createlab.terk.robot.finch.DefaultFinchController: DefaultFinchController.disconnect(): Successfully shut down finch pinger.
2011-11-22 16:24:43,218 [main] DEBUG: edu.cmu.ri.createlab.terk.robot.finch.DefaultFinchController: DefaultFinchController.disconnect(): Now attempting to send the disconnect command to the finch
2011-11-22 16:24:43,218 [main] DEBUG: edu.cmu.ri.createlab.terk.robot.finch.DefaultFinchController: DefaultFinchController.disconnect(): Successfully disconnected from the finch.
2011-11-22 16:24:43,234 [main] DEBUG: edu.cmu.ri.createlab.terk.robot.finch.DefaultFinchController: DefaultFinchController.disconnect(): Now shutting down the HIDCommandExecutionQueue...
2011-11-22 16:24:43,234 [main] DEBUG: edu.cmu.ri.createlab.usb.hid.HIDCommandExecutionQueue: HIDCommandExecutionQueue.shutdown(): Shutting down the HID device command execution queue
2011-11-22 16:24:43,234 [main] DEBUG: edu.cmu.ri.createlab.usb.hid.HIDCommandExecutionQueue: HIDCommandExecutionQueue.shutdown(): Unexecuted tasks: 0
2011-11-22 16:24:43,234 [main] DEBUG: edu.cmu.ri.createlab.usb.hid.HIDCommandExecutionQueue: HIDCommandExecutionQueue.shutdown(): Waiting for the HID device command execution queue to shutdown.
2011-11-22 16:24:43,234 [main] DEBUG: edu.cmu.ri.createlab.usb.hid.HIDCommandExecutionQueue: HIDCommandExecutionQueue.shutdown(): HID device command execution queue successfully shutdown
2011-11-22 16:24:43,234 [main] DEBUG: edu.cmu.ri.createlab.usb.hid.HIDCommandExecutionQueue: HIDCommandExecutionQueue.shutdown(): Now attempting to disconnect from the HID device...
2011-11-22 16:24:43,234 [main] DEBUG: edu.cmu.ri.createlab.usb.hid.windows.WindowsHIDDevice: WindowsHIDDevice.disconnect(): disconnected successfully
2011-11-22 16:24:43,234 [main] DEBUG: edu.cmu.ri.createlab.usb.hid.HIDCommandExecutionQueue: HIDCommandExecutionQueue.shutdown(): HID device disconnected successfully.
2011-11-22 16:24:43,234 [main] DEBUG: edu.cmu.ri.createlab.terk.robot.finch.LocalFinchConnectionStrategy: LocalFinchConnectionStrategy.handleConnectionStateChange(): OLD [Connected]  NEW [Disconnected]  port []
2011-11-22 16:24:48,203 [main] DEBUG: edu.cmu.ri.createlab.terk.application.TerkApplication: TerkApplication.TerkApplication()
2011-11-22 16:24:48,203 [main] INFO : edu.cmu.ri.createlab.terk.application.TerkApplication: TerkApplication.TerkApplication(): System property [terk-application.connection-strategy.class.name] is not defined.  Attempting to use default [edu.cmu.ri.createlab.terk.robot.finch.LocalFinchConnectionStrategy] implementation class instead.
2011-11-22 16:24:48,203 [main] DEBUG: edu.cmu.ri.createlab.terk.application.TerkApplication: TerkApplication.TerkApplication(): successfully instantiated ConnectionStrategy implementation class [edu.cmu.ri.createlab.terk.robot.finch.LocalFinchConnectionStrategy]
2011-11-22 16:24:48,250 [main] DEBUG: edu.cmu.ri.createlab.device.connectivity.BaseCreateLabDeviceConnectivityManager: BaseCreateLabDeviceConnectivityManager: scanAndConnectWorkhorseRunnable.run()
2011-11-22 16:24:48,250 [main] DEBUG: edu.cmu.ri.createlab.device.connectivity.BaseCreateLabDeviceConnectivityManager: BaseCreateLabDeviceConnectivityManager.disconnect()
2011-11-22 16:24:48,250 [main] DEBUG: edu.cmu.ri.createlab.terk.robot.finch.LocalFinchConnectionStrategy: LocalFinchConnectionStrategy.handleConnectionStateChange(): OLD [Disconnected]  NEW [Disconnected]  port []
2011-11-22 16:24:48,250 [BaseCreateLabDeviceConnectivityManager.executorService pool-1-thread-1] DEBUG: edu.cmu.ri.createlab.device.connectivity.BaseCreateLabDeviceConnectivityManager: CreateLabDeviceConnectivityManagerImpl$DeviceScanner.run()
2011-11-22 16:24:48,250 [BaseCreateLabDeviceConnectivityManager.executorService pool-1-thread-1] DEBUG: edu.cmu.ri.createlab.terk.robot.finch.LocalFinchConnectionStrategy: LocalFinchConnectionStrategy.handleConnectionStateChange(): OLD [Disconnected]  NEW [Scanning]  port []
2011-11-22 16:24:48,250 [BaseCreateLabDeviceConnectivityManager.executorService pool-1-thread-1] DEBUG: edu.cmu.ri.createlab.terk.robot.finch.DefaultFinchController: DefaultFinchController.create(): creating HID device for vendor ID [2354] and product ID [1111]
2011-11-22 16:24:48,265 [BaseCreateLabDeviceConnectivityManager.executorService pool-1-thread-1] DEBUG: edu.cmu.ri.createlab.terk.robot.finch.DefaultFinchController: DefaultFinchController.create(): attempting connection...
2011-11-22 16:24:48,421 [BaseCreateLabDeviceConnectivityManager.executorService pool-1-thread-1] ERROR: edu.cmu.ri.createlab.usb.hid.windows.WindowsHIDDevice: WindowsHIDDevice.readDeviceInfo(): CreateFile failed (WinError{id=5, name='Access Denied: access is denied'}), skipping this device
2011-11-22 16:24:48,421 [BaseCreateLabDeviceConnectivityManager.executorService pool-1-thread-1] ERROR: edu.cmu.ri.createlab.usb.hid.windows.WindowsHIDDevice: WindowsHIDDevice.disconnect(): Failed to disconnect because the file handle is null
2011-11-22 16:24:48,421 [BaseCreateLabDeviceConnectivityManager.executorService pool-1-thread-1] DEBUG: edu.cmu.ri.createlab.usb.hid.windows.WindowsHIDDevice: WindowsHIDDevice.disconnect(): disconnected successfully
2011-11-22 16:24:48,421 [BaseCreateLabDeviceConnectivityManager.executorService pool-1-thread-1] DEBUG: edu.cmu.ri.createlab.usb.hid.windows.WindowsHIDDevice: WindowsHIDDevice.connect(): connection successful
2011-11-22 16:24:48,437 [BaseCreateLabDeviceConnectivityManager.executorService pool-1-thread-1] DEBUG: edu.cmu.ri.createlab.device.connectivity.BaseCreateLabDeviceConnectivityManager: CreateLabDeviceConnectivityManagerImpl$DeviceScanner.run(): connection established!
2011-11-22 16:24:48,437 [BaseCreateLabDeviceConnectivityManager.executorService pool-1-thread-1] DEBUG: edu.cmu.ri.createlab.terk.robot.finch.LocalFinchConnectionStrategy: LocalFinchConnectionStrategy.handleConnectionStateChange(): OLD [Scanning]  NEW [Connected]  port [\\?\hid#vid_2354&pid_1111#6&148ea5c&0&0000#{4d1e55b2-f16f-11cf-88cb-001111000030}]
2011-11-22 16:24:48,453 [main] DEBUG: edu.cmu.ri.createlab.terk.application.TerkApplication: TerkApplication.shutdown()
2011-11-22 16:24:48,453 [main] DEBUG: edu.cmu.ri.createlab.terk.application.TerkApplication: TerkApplication$shutdownRunnable.run()
2011-11-22 16:24:48,453 [main] DEBUG: edu.cmu.ri.createlab.terk.robot.finch.LocalFinchConnectionStrategy: LocalFinchConnectionStrategy.prepareForShutdown()
2011-11-22 16:24:48,453 [main] DEBUG: edu.cmu.ri.createlab.terk.robot.finch.LocalFinchConnectionStrategy: LocalFinchConnectionStrategy.disconnect()
2011-11-22 16:24:48,453 [main] DEBUG: edu.cmu.ri.createlab.device.connectivity.BaseCreateLabDeviceConnectivityManager: BaseCreateLabDeviceConnectivityManager.disconnect()
2011-11-22 16:24:48,453 [main] DEBUG: edu.cmu.ri.createlab.terk.robot.finch.DefaultFinchController: DefaultFinchController.disconnect(): Shutting down finch pinger...
2011-11-22 16:24:48,453 [main] DEBUG: edu.cmu.ri.createlab.terk.robot.finch.DefaultFinchController: DefaultFinchController.disconnect(): Successfully shut down finch pinger.
2011-11-22 16:24:48,453 [main] DEBUG: edu.cmu.ri.createlab.terk.robot.finch.DefaultFinchController: DefaultFinchController.disconnect(): Now attempting to send the disconnect command to the finch
2011-11-22 16:24:48,453 [main] DEBUG: edu.cmu.ri.createlab.terk.robot.finch.DefaultFinchController: DefaultFinchController.disconnect(): Successfully disconnected from the finch.
2011-11-22 16:24:48,453 [main] DEBUG: edu.cmu.ri.createlab.terk.robot.finch.DefaultFinchController: DefaultFinchController.disconnect(): Now shutting down the HIDCommandExecutionQueue...
2011-11-22 16:24:48,453 [main] DEBUG: edu.cmu.ri.createlab.usb.hid.HIDCommandExecutionQueue: HIDCommandExecutionQueue.shutdown(): Shutting down the HID device command execution queue
2011-11-22 16:24:48,453 [main] DEBUG: edu.cmu.ri.createlab.usb.hid.HIDCommandExecutionQueue: HIDCommandExecutionQueue.shutdown(): Unexecuted tasks: 0
2011-11-22 16:24:48,453 [main] DEBUG: edu.cmu.ri.createlab.usb.hid.HIDCommandExecutionQueue: HIDCommandExecutionQueue.shutdown(): Waiting for the HID device command execution queue to shutdown.
2011-11-22 16:24:48,453 [main] DEBUG: edu.cmu.ri.createlab.usb.hid.HIDCommandExecutionQueue: HIDCommandExecutionQueue.shutdown(): HID device command execution queue successfully shutdown
2011-11-22 16:24:48,453 [main] DEBUG: edu.cmu.ri.createlab.usb.hid.HIDCommandExecutionQueue: HIDCommandExecutionQueue.shutdown(): Now attempting to disconnect from the HID device...
2011-11-22 16:24:48,453 [main] DEBUG: edu.cmu.ri.createlab.usb.hid.windows.WindowsHIDDevice: WindowsHIDDevice.disconnect(): disconnected successfully
2011-11-22 16:24:48,453 [main] DEBUG: edu.cmu.ri.createlab.usb.hid.HIDCommandExecutionQueue: HIDCommandExecutionQueue.shutdown(): HID device disconnected successfully.
2011-11-22 16:24:48,453 [main] DEBUG: edu.cmu.ri.createlab.terk.robot.finch.LocalFinchConnectionStrategy: LocalFinchConnectionStrategy.handleConnectionStateChange(): OLD [Connected]  NEW [Disconnected]  port []
2011-11-22 16:25:10,187 [main] DEBUG: edu.cmu.ri.createlab.terk.application.TerkApplication: TerkApplication.TerkApplication()
2011-11-22 16:25:10,187 [main] INFO : edu.cmu.ri.createlab.terk.application.TerkApplication: TerkApplication.TerkApplication(): System property [terk-application.connection-strategy.class.name] is not defined.  Attempting to use default [edu.cmu.ri.createlab.terk.robot.finch.LocalFinchConnectionStrategy] implementation class instead.
2011-11-22 16:25:10,203 [main] DEBUG: edu.cmu.ri.createlab.terk.application.TerkApplication: TerkApplication.TerkApplication(): successfully instantiated ConnectionStrategy implementation class [edu.cmu.ri.createlab.terk.robot.finch.LocalFinchConnectionStrategy]
2011-11-22 16:25:10,234 [main] DEBUG: edu.cmu.ri.createlab.device.connectivity.BaseCreateLabDeviceConnectivityManager: BaseCreateLabDeviceConnectivityManager: scanAndConnectWorkhorseRunnable.run()
2011-11-22 16:25:10,234 [main] DEBUG: edu.cmu.ri.createlab.device.connectivity.BaseCreateLabDeviceConnectivityManager: BaseCreateLabDeviceConnectivityManager.disconnect()
2011-11-22 16:25:10,234 [main] DEBUG: edu.cmu.ri.createlab.terk.robot.finch.LocalFinchConnectionStrategy: LocalFinchConnectionStrategy.handleConnectionStateChange(): OLD [Disconnected]  NEW [Disconnected]  port []
2011-11-22 16:25:10,234 [BaseCreateLabDeviceConnectivityManager.executorService pool-1-thread-1] DEBUG: edu.cmu.ri.createlab.device.connectivity.BaseCreateLabDeviceConnectivityManager: CreateLabDeviceConnectivityManagerImpl$DeviceScanner.run()
2011-11-22 16:25:10,234 [BaseCreateLabDeviceConnectivityManager.executorService pool-1-thread-1] DEBUG: edu.cmu.ri.createlab.terk.robot.finch.LocalFinchConnectionStrategy: LocalFinchConnectionStrategy.handleConnectionStateChange(): OLD [Disconnected]  NEW [Scanning]  port []
2011-11-22 16:25:10,234 [BaseCreateLabDeviceConnectivityManager.executorService pool-1-thread-1] DEBUG: edu.cmu.ri.createlab.terk.robot.finch.DefaultFinchController: DefaultFinchController.create(): creating HID device for vendor ID [2354] and product ID [1111]
2011-11-22 16:25:10,250 [BaseCreateLabDeviceConnectivityManager.executorService pool-1-thread-1] DEBUG: edu.cmu.ri.createlab.terk.robot.finch.DefaultFinchController: DefaultFinchController.create(): attempting connection...
2011-11-22 16:25:10,406 [BaseCreateLabDeviceConnectivityManager.executorService pool-1-thread-1] ERROR: edu.cmu.ri.createlab.usb.hid.windows.WindowsHIDDevice: WindowsHIDDevice.readDeviceInfo(): CreateFile failed (WinError{id=5, name='Access Denied: access is denied'}), skipping this device
2011-11-22 16:25:10,406 [BaseCreateLabDeviceConnectivityManager.executorService pool-1-thread-1] ERROR: edu.cmu.ri.createlab.usb.hid.windows.WindowsHIDDevice: WindowsHIDDevice.disconnect(): Failed to disconnect because the file handle is null
2011-11-22 16:25:10,406 [BaseCreateLabDeviceConnectivityManager.executorService pool-1-thread-1] DEBUG: edu.cmu.ri.createlab.usb.hid.windows.WindowsHIDDevice: WindowsHIDDevice.disconnect(): disconnected successfully
2011-11-22 16:25:10,406 [BaseCreateLabDeviceConnectivityManager.executorService pool-1-thread-1] DEBUG: edu.cmu.ri.createlab.usb.hid.windows.WindowsHIDDevice: WindowsHIDDevice.connect(): connection successful
2011-11-22 16:25:10,421 [BaseCreateLabDeviceConnectivityManager.executorService pool-1-thread-1] DEBUG: edu.cmu.ri.createlab.device.connectivity.BaseCreateLabDeviceConnectivityManager: CreateLabDeviceConnectivityManagerImpl$DeviceScanner.run(): connection established!
2011-11-22 16:25:10,421 [BaseCreateLabDeviceConnectivityManager.executorService pool-1-thread-1] DEBUG: edu.cmu.ri.createlab.terk.robot.finch.LocalFinchConnectionStrategy: LocalFinchConnectionStrategy.handleConnectionStateChange(): OLD [Scanning]  NEW [Connected]  port [\\?\hid#vid_2354&pid_1111#6&148ea5c&0&0000#{4d1e55b2-f16f-11cf-88cb-001111000030}]
2011-11-22 16:25:10,421 [main] DEBUG: edu.cmu.ri.createlab.terk.application.TerkApplication: TerkApplication.shutdown()
2011-11-22 16:25:10,421 [main] DEBUG: edu.cmu.ri.createlab.terk.application.TerkApplication: TerkApplication$shutdownRunnable.run()
2011-11-22 16:25:10,421 [main] DEBUG: edu.cmu.ri.createlab.terk.robot.finch.LocalFinchConnectionStrategy: LocalFinchConnectionStrategy.prepareForShutdown()
2011-11-22 16:25:10,421 [main] DEBUG: edu.cmu.ri.createlab.terk.robot.finch.LocalFinchConnectionStrategy: LocalFinchConnectionStrategy.disconnect()
2011-11-22 16:25:10,421 [main] DEBUG: edu.cmu.ri.createlab.device.connectivity.BaseCreateLabDeviceConnectivityManager: BaseCreateLabDeviceConnectivityManager.disconnect()
2011-11-22 16:25:10,421 [main] DEBUG: edu.cmu.ri.createlab.terk.robot.finch.DefaultFinchController: DefaultFinchController.disconnect(): Shutting down finch pinger...
2011-11-22 16:25:10,421 [main] DEBUG: edu.cmu.ri.createlab.terk.robot.finch.DefaultFinchController: DefaultFinchController.disconnect(): Successfully shut down finch pinger.
2011-11-22 16:25:10,421 [main] DEBUG: edu.cmu.ri.createlab.terk.robot.finch.DefaultFinchController: DefaultFinchController.disconnect(): Now attempting to send the disconnect command to the finch
2011-11-22 16:25:10,437 [main] DEBUG: edu.cmu.ri.createlab.terk.robot.finch.DefaultFinchController: DefaultFinchController.disconnect(): Successfully disconnected from the finch.
2011-11-22 16:25:10,437 [main] DEBUG: edu.cmu.ri.createlab.terk.robot.finch.DefaultFinchController: DefaultFinchController.disconnect(): Now shutting down the HIDCommandExecutionQueue...
2011-11-22 16:25:10,437 [main] DEBUG: edu.cmu.ri.createlab.usb.hid.HIDCommandExecutionQueue: HIDCommandExecutionQueue.shutdown(): Shutting down the HID device command execution queue
2011-11-22 16:25:10,437 [main] DEBUG: edu.cmu.ri.createlab.usb.hid.HIDCommandExecutionQueue: HIDCommandExecutionQueue.shutdown(): Unexecuted tasks: 0
2011-11-22 16:25:10,437 [main] DEBUG: edu.cmu.ri.createlab.usb.hid.HIDCommandExecutionQueue: HIDCommandExecutionQueue.shutdown(): Waiting for the HID device command execution queue to shutdown.
2011-11-22 16:25:10,437 [main] DEBUG: edu.cmu.ri.createlab.usb.hid.HIDCommandExecutionQueue: HIDCommandExecutionQueue.shutdown(): HID device command execution queue successfully shutdown
2011-11-22 16:25:10,437 [main] DEBUG: edu.cmu.ri.createlab.usb.hid.HIDCommandExecutionQueue: HIDCommandExecutionQueue.shutdown(): Now attempting to disconnect from the HID device...
2011-11-22 16:25:10,437 [main] DEBUG: edu.cmu.ri.createlab.usb.hid.windows.WindowsHIDDevice: WindowsHIDDevice.disconnect(): disconnected successfully
2011-11-22 16:25:10,437 [main] DEBUG: edu.cmu.ri.createlab.usb.hid.HIDCommandExecutionQueue: HIDCommandExecutionQueue.shutdown(): HID device disconnected successfully.
2011-11-22 16:25:10,437 [main] DEBUG: edu.cmu.ri.createlab.terk.robot.finch.LocalFinchConnectionStrategy: LocalFinchConnectionStrategy.handleConnectionStateChange(): OLD [Connected]  NEW [Disconnected]  port []
